# JRE version: OpenJDK Runtime Environment (11.0.13) (build 11.0.13+0-b1751.21-8125866)
# Java VM: OpenJDK 64-Bit Server VM (11.0.13+0-b1751.21-8125866, mixed mode, tiered, compressed oops, g1 gc, windows-amd64)
Heap:
 garbage-first heap   total 260096K, used 25571K [0x0000000702800000, 0x0000000800000000)
  region size 1024K, 3 young (3072K), 2 survivors (2048K)
 Metaspace       used 35428K, capacity 35923K, committed 36252K, reserved 1081344K
  class space    used 4387K, capacity 4612K, committed 4684K, reserved 1048576K
GC Heap History (7 events):
Event: 0.648 GC heap before
{Heap before GC invocations=0 (full 0):
 garbage-first heap   total 260096K, used 28672K [0x0000000702800000, 0x0000000800000000)
  region size 1024K, 24 young (24576K), 0 survivors (0K)
 Metaspace       used 12225K, capacity 12382K, committed 12416K, reserved 1060864K
  class space    used 1091K, capacity 1145K, committed 1152K, reserved 1048576K
}
Event: 0.652 GC heap after
{Heap after GC invocations=1 (full 0):
 garbage-first heap   total 260096K, used 7322K [0x0000000702800000, 0x0000000800000000)
  region size 1024K, 3 young (3072K), 3 survivors (3072K)
 Metaspace       used 12225K, capacity 12382K, committed 12416K, reserved 1060864K
  class space    used 1091K, capacity 1145K, committed 1152K, reserved 1048576K
}
Event: 1.403 GC heap before
{Heap before GC invocations=1 (full 0):
 garbage-first heap   total 260096K, used 45210K [0x0000000702800000, 0x0000000800000000)
  region size 1024K, 41 young (41984K), 3 survivors (3072K)
 Metaspace       used 20902K, capacity 21152K, committed 21296K, reserved 1069056K
  class space    used 2259K, capacity 2376K, committed 2432K, reserved 1048576K
}
Event: 1.411 GC heap after
{Heap after GC invocations=2 (full 0):
 garbage-first heap   total 260096K, used 11418K [0x0000000702800000, 0x0000000800000000)
  region size 1024K, 7 young (7168K), 7 survivors (7168K)
 Metaspace       used 20902K, capacity 21152K, committed 21296K, reserved 1069056K
  class space    used 2259K, capacity 2376K, committed 2432K, reserved 1048576K
}
Event: 2.412 GC heap before
{Heap before GC invocations=3 (full 0):
 garbage-first heap   total 260096K, used 68762K [0x0000000702800000, 0x0000000800000000)
  region size 1024K, 57 young (58368K), 7 survivors (7168K)
 Metaspace       used 31837K, capacity 32293K, committed 32432K, reserved 1077248K
  class space    used 3795K, capacity 4002K, committed 4096K, reserved 1048576K
}
Event: 2.427 GC heap after
{Heap after GC invocations=4 (full 0):
 garbage-first heap   total 260096K, used 23852K [0x0000000702800000, 0x0000000800000000)
  region size 1024K, 8 young (8192K), 8 survivors (8192K)
 Metaspace       used 31837K, capacity 32293K, committed 32432K, reserved 1077248K
  class space    used 3795K, capacity 4002K, committed 4096K, reserved 1048576K
}
Event: 2.750 GC heap before
{Heap before GC invocations=4 (full 0):
 garbage-first heap   total 260096K, used 36140K [0x0000000702800000, 0x0000000800000000)
  region size 1024K, 21 young (21504K), 8 survivors (8192K)
 Metaspace       used 35317K, capacity 35763K, committed 35920K, reserved 1081344K
  class space    used 4374K, capacity 4580K, committed 4608K, reserved 1048576K
}

