# JRE version: OpenJDK Runtime Environment (11.0.13) (build 11.0.13+0-b1751.21-8125866)
# Java VM: OpenJDK 64-Bit Server VM (11.0.13+0-b1751.21-8125866, mixed mode, tiered, compressed oops, g1 gc, windows-amd64)
Heap:
 garbage-first heap   total 260096K, used 24861K [0x0000000702800000, 0x0000000800000000)
  region size 1024K, 10 young (10240K), 8 survivors (8192K)
 Metaspace       used 32289K, capacity 32781K, committed 32944K, reserved 1079296K
  class space    used 3832K, capacity 4034K, committed 4096K, reserved 1048576K
GC Heap History (6 events):
Event: 0.732 GC heap before
{Heap before GC invocations=0 (full 0):
 garbage-first heap   total 260096K, used 28672K [0x0000000702800000, 0x0000000800000000)
  region size 1024K, 24 young (24576K), 0 survivors (0K)
 Metaspace       used 12228K, capacity 12382K, committed 12416K, reserved 1060864K
  class space    used 1091K, capacity 1145K, committed 1152K, reserved 1048576K
}
Event: 0.735 GC heap after
{Heap after GC invocations=1 (full 0):
 garbage-first heap   total 260096K, used 7319K [0x0000000702800000, 0x0000000800000000)
  region size 1024K, 3 young (3072K), 3 survivors (3072K)
 Metaspace       used 12228K, capacity 12382K, committed 12416K, reserved 1060864K
  class space    used 1091K, capacity 1145K, committed 1152K, reserved 1048576K
}
Event: 1.495 GC heap before
{Heap before GC invocations=1 (full 0):
 garbage-first heap   total 260096K, used 45207K [0x0000000702800000, 0x0000000800000000)
  region size 1024K, 41 young (41984K), 3 survivors (3072K)
 Metaspace       used 20915K, capacity 21152K, committed 21296K, reserved 1069056K
  class space    used 2258K, capacity 2376K, committed 2432K, reserved 1048576K
}
Event: 1.503 GC heap after
{Heap after GC invocations=2 (full 0):
 garbage-first heap   total 260096K, used 11415K [0x0000000702800000, 0x0000000800000000)
  region size 1024K, 7 young (7168K), 7 survivors (7168K)
 Metaspace       used 20915K, capacity 21152K, committed 21296K, reserved 1069056K
  class space    used 2258K, capacity 2376K, committed 2432K, reserved 1048576K
}
Event: 2.614 GC heap before
{Heap before GC invocations=3 (full 0):
 garbage-first heap   total 260096K, used 68759K [0x0000000702800000, 0x0000000800000000)
  region size 1024K, 57 young (58368K), 7 survivors (7168K)
 Metaspace       used 31855K, capacity 32293K, committed 32432K, reserved 1077248K
  class space    used 3795K, capacity 4002K, committed 4096K, reserved 1048576K
}
Event: 2.629 GC heap after
{Heap after GC invocations=4 (full 0):
 garbage-first heap   total 260096K, used 23837K [0x0000000702800000, 0x0000000800000000)
  region size 1024K, 8 young (8192K), 8 survivors (8192K)
 Metaspace       used 31855K, capacity 32293K, committed 32432K, reserved 1077248K
  class space    used 3795K, capacity 4002K, committed 4096K, reserved 1048576K
}

