# JRE version: OpenJDK Runtime Environment (11.0.13) (build 11.0.13+0-b1751.21-8125866)
# Java VM: OpenJDK 64-Bit Server VM (11.0.13+0-b1751.21-8125866, mixed mode, tiered, compressed oops, g1 gc, windows-amd64)
Heap:
 garbage-first heap   total 260096K, used 141543K [0x0000000080000000, 0x0000000100000000)
  region size 1024K, 87 young (89088K), 15 survivors (15360K)
 Metaspace       used 80677K, capacity 82417K, committed 82596K, reserved 1120256K
  class space    used 10341K, capacity 10985K, committed 11084K, reserved 1048576K
GC Heap History (18 events):
Event: 0.766 GC heap before
{Heap before GC invocations=0 (full 0):
 garbage-first heap   total 260096K, used 29696K [0x0000000080000000, 0x0000000100000000)
  region size 1024K, 24 young (24576K), 0 survivors (0K)
 Metaspace       used 10157K, capacity 10391K, committed 10624K, reserved 1058816K
  class space    used 1045K, capacity 1106K, committed 1152K, reserved 1048576K
}
Event: 0.771 GC heap after
{Heap after GC invocations=1 (full 0):
 garbage-first heap   total 260096K, used 9213K [0x0000000080000000, 0x0000000100000000)
  region size 1024K, 3 young (3072K), 3 survivors (3072K)
 Metaspace       used 10157K, capacity 10391K, committed 10624K, reserved 1058816K
  class space    used 1045K, capacity 1106K, committed 1152K, reserved 1048576K
}
Event: 3.365 GC heap before
{Heap before GC invocations=1 (full 0):
 garbage-first heap   total 260096K, used 113661K [0x0000000080000000, 0x0000000100000000)
  region size 1024K, 106 young (108544K), 3 survivors (3072K)
 Metaspace       used 20731K, capacity 21187K, committed 21296K, reserved 1069056K
  class space    used 2526K, capacity 2686K, committed 2688K, reserved 1048576K
}
Event: 3.376 GC heap after
{Heap after GC invocations=2 (full 0):
 garbage-first heap   total 260096K, used 17220K [0x0000000080000000, 0x0000000100000000)
  region size 1024K, 11 young (11264K), 11 survivors (11264K)
 Metaspace       used 20731K, capacity 21187K, committed 21296K, reserved 1069056K
  class space    used 2526K, capacity 2686K, committed 2688K, reserved 1048576K
}
Event: 4.182 GC heap before
{Heap before GC invocations=3 (full 0):
 garbage-first heap   total 260096K, used 84804K [0x0000000080000000, 0x0000000100000000)
  region size 1024K, 78 young (79872K), 11 survivors (11264K)
 Metaspace       used 27419K, capacity 28105K, committed 28412K, reserved 1073152K
  class space    used 3566K, capacity 3812K, committed 3916K, reserved 1048576K
}
Event: 4.189 GC heap after
{Heap after GC invocations=4 (full 0):
 garbage-first heap   total 260096K, used 19879K [0x0000000080000000, 0x0000000100000000)
  region size 1024K, 3 young (3072K), 3 survivors (3072K)
 Metaspace       used 27419K, capacity 28105K, committed 28412K, reserved 1073152K
  class space    used 3566K, capacity 3812K, committed 3916K, reserved 1048576K
}
Event: 4.969 GC heap before
{Heap before GC invocations=4 (full 0):
 garbage-first heap   total 260096K, used 68007K [0x0000000080000000, 0x0000000100000000)
  region size 1024K, 51 young (52224K), 3 survivors (3072K)
 Metaspace       used 35172K, capacity 35928K, committed 35964K, reserved 1081344K
  class space    used 4520K, capacity 4806K, committed 4812K, reserved 1048576K
}
Event: 4.976 GC heap after
{Heap after GC invocations=5 (full 0):
 garbage-first heap   total 260096K, used 22747K [0x0000000080000000, 0x0000000100000000)
  region size 1024K, 6 young (6144K), 6 survivors (6144K)
 Metaspace       used 35172K, capacity 35928K, committed 35964K, reserved 1081344K
  class space    used 4520K, capacity 4806K, committed 4812K, reserved 1048576K
}
Event: 6.545 GC heap before
{Heap before GC invocations=6 (full 0):
 garbage-first heap   total 260096K, used 139483K [0x0000000080000000, 0x0000000100000000)
  region size 1024K, 117 young (119808K), 6 survivors (6144K)
 Metaspace       used 44834K, capacity 45912K, committed 45948K, reserved 1089536K
  class space    used 5669K, capacity 6071K, committed 6092K, reserved 1048576K
}
Event: 6.554 GC heap after
{Heap after GC invocations=7 (full 0):
 garbage-first heap   total 260096K, used 29751K [0x0000000080000000, 0x0000000100000000)
  region size 1024K, 13 young (13312K), 13 survivors (13312K)
 Metaspace       used 44834K, capacity 45912K, committed 45948K, reserved 1089536K
  class space    used 5669K, capacity 6071K, committed 6092K, reserved 1048576K
}
Event: 7.873 GC heap before
{Heap before GC invocations=7 (full 0):
 garbage-first heap   total 260096K, used 165943K [0x0000000080000000, 0x0000000100000000)
  region size 1024K, 137 young (140288K), 13 survivors (13312K)
 Metaspace       used 50648K, capacity 51946K, committed 52220K, reserved 1095680K
  class space    used 6412K, capacity 6920K, committed 6988K, reserved 1048576K
}
Event: 7.887 GC heap after
{Heap after GC invocations=8 (full 0):
 garbage-first heap   total 260096K, used 50624K [0x0000000080000000, 0x0000000100000000)
  region size 1024K, 18 young (18432K), 18 survivors (18432K)
 Metaspace       used 50648K, capacity 51946K, committed 52220K, reserved 1095680K
  class space    used 6412K, capacity 6920K, committed 6988K, reserved 1048576K
}
Event: 8.787 GC heap before
{Heap before GC invocations=8 (full 0):
 garbage-first heap   total 260096K, used 110016K [0x0000000080000000, 0x0000000100000000)
  region size 1024K, 77 young (78848K), 18 survivors (18432K)
 Metaspace       used 59052K, capacity 60416K, committed 60580K, reserved 1101824K
  class space    used 7399K, capacity 7924K, committed 8012K, reserved 1048576K
}
Event: 8.812 GC heap after
{Heap after GC invocations=9 (full 0):
 garbage-first heap   total 260096K, used 55240K [0x0000000080000000, 0x0000000100000000)
  region size 1024K, 4 young (4096K), 4 survivors (4096K)
 Metaspace       used 59052K, capacity 60416K, committed 60580K, reserved 1101824K
  class space    used 7399K, capacity 7924K, committed 8012K, reserved 1048576K
}
Event: 10.580 GC heap before
{Heap before GC invocations=10 (full 0):
 garbage-first heap   total 260096K, used 166856K [0x0000000080000000, 0x0000000100000000)
  region size 1024K, 106 young (108544K), 4 survivors (4096K)
 Metaspace       used 68146K, capacity 69659K, committed 69924K, reserved 1110016K
  class space    used 8547K, capacity 9133K, committed 9164K, reserved 1048576K
}
Event: 10.589 GC heap after
{Heap after GC invocations=11 (full 0):
 garbage-first heap   total 260096K, used 61733K [0x0000000080000000, 0x0000000100000000)
  region size 1024K, 10 young (10240K), 10 survivors (10240K)
 Metaspace       used 68146K, capacity 69659K, committed 69924K, reserved 1110016K
  class space    used 8547K, capacity 9133K, committed 9164K, reserved 1048576K
}
Event: 11.784 GC heap before
{Heap before GC invocations=12 (full 0):
 garbage-first heap   total 260096K, used 169253K [0x0000000080000000, 0x0000000100000000)
  region size 1024K, 115 young (117760K), 10 survivors (10240K)
 Metaspace       used 74646K, capacity 76175K, committed 76324K, reserved 1116160K
  class space    used 9539K, capacity 10146K, committed 10188K, reserved 1048576K
}
Event: 11.794 GC heap after
{Heap after GC invocations=13 (full 0):
 garbage-first heap   total 260096K, used 68839K [0x0000000080000000, 0x0000000100000000)
  region size 1024K, 15 young (15360K), 15 survivors (15360K)
 Metaspace       used 74646K, capacity 76175K, committed 76324K, reserved 1116160K
  class space    used 9539K, capacity 10146K, committed 10188K, reserved 1048576K
}

