# JRE version: OpenJDK Runtime Environment (11.0.13) (build 11.0.13+0-b1751.21-8125866)
# Java VM: OpenJDK 64-Bit Server VM (11.0.13+0-b1751.21-8125866, mixed mode, tiered, compressed oops, g1 gc, windows-amd64)
Heap:
 garbage-first heap   total 260096K, used 125446K [0x0000000080000000, 0x0000000100000000)
  region size 1024K, 32 young (32768K), 5 survivors (5120K)
 Metaspace       used 61985K, capacity 63825K, committed 63988K, reserved 1105920K
  class space    used 7853K, capacity 8494K, committed 8576K, reserved 1048576K
GC Heap History (14 events):
Event: 0.765 GC heap before
{Heap before GC invocations=0 (full 0):
 garbage-first heap   total 260096K, used 29696K [0x0000000080000000, 0x0000000100000000)
  region size 1024K, 24 young (24576K), 0 survivors (0K)
 Metaspace       used 10117K, capacity 10391K, committed 10624K, reserved 1058816K
  class space    used 1044K, capacity 1106K, committed 1152K, reserved 1048576K
}
Event: 0.769 GC heap after
{Heap after GC invocations=1 (full 0):
 garbage-first heap   total 260096K, used 9472K [0x0000000080000000, 0x0000000100000000)
  region size 1024K, 3 young (3072K), 3 survivors (3072K)
 Metaspace       used 10117K, capacity 10391K, committed 10624K, reserved 1058816K
  class space    used 1044K, capacity 1106K, committed 1152K, reserved 1048576K
}
Event: 3.285 GC heap before
{Heap before GC invocations=1 (full 0):
 garbage-first heap   total 260096K, used 110848K [0x0000000080000000, 0x0000000100000000)
  region size 1024K, 103 young (105472K), 3 survivors (3072K)
 Metaspace       used 20670K, capacity 21154K, committed 21296K, reserved 1069056K
  class space    used 2512K, capacity 2665K, committed 2688K, reserved 1048576K
}
Event: 3.295 GC heap after
{Heap after GC invocations=2 (full 0):
 garbage-first heap   total 260096K, used 16910K [0x0000000080000000, 0x0000000100000000)
  region size 1024K, 11 young (11264K), 11 survivors (11264K)
 Metaspace       used 20670K, capacity 21154K, committed 21296K, reserved 1069056K
  class space    used 2512K, capacity 2665K, committed 2688K, reserved 1048576K
}
Event: 4.163 GC heap before
{Heap before GC invocations=3 (full 0):
 garbage-first heap   total 260096K, used 93710K [0x0000000080000000, 0x0000000100000000)
  region size 1024K, 75 young (76800K), 11 survivors (11264K)
 Metaspace       used 27148K, capacity 27946K, committed 28080K, reserved 1073152K
  class space    used 3553K, capacity 3824K, committed 3840K, reserved 1048576K
}
Event: 4.171 GC heap after
{Heap after GC invocations=4 (full 0):
 garbage-first heap   total 260096K, used 35356K [0x0000000080000000, 0x0000000100000000)
  region size 1024K, 7 young (7168K), 7 survivors (7168K)
 Metaspace       used 27148K, capacity 27946K, committed 28080K, reserved 1073152K
  class space    used 3553K, capacity 3824K, committed 3840K, reserved 1048576K
}
Event: 5.223 GC heap before
{Heap before GC invocations=4 (full 0):
 garbage-first heap   total 260096K, used 111132K [0x0000000080000000, 0x0000000100000000)
  region size 1024K, 77 young (78848K), 7 survivors (7168K)
 Metaspace       used 34581K, capacity 35553K, committed 35632K, reserved 1079296K
  class space    used 4588K, capacity 4939K, committed 4992K, reserved 1048576K
}
Event: 5.235 GC heap after
{Heap after GC invocations=5 (full 0):
 garbage-first heap   total 260096K, used 43346K [0x0000000080000000, 0x0000000100000000)
  region size 1024K, 9 young (9216K), 9 survivors (9216K)
 Metaspace       used 34581K, capacity 35553K, committed 35632K, reserved 1079296K
  class space    used 4588K, capacity 4939K, committed 4992K, reserved 1048576K
}
Event: 7.054 GC heap before
{Heap before GC invocations=6 (full 0):
 garbage-first heap   total 260096K, used 183634K [0x0000000080000000, 0x0000000100000000)
  region size 1024K, 131 young (134144K), 9 survivors (9216K)
 Metaspace       used 45956K, capacity 47181K, committed 47408K, reserved 1091584K
  class space    used 5760K, capacity 6245K, committed 6272K, reserved 1048576K
}
Event: 7.066 GC heap after
{Heap after GC invocations=7 (full 0):
 garbage-first heap   total 260096K, used 68144K [0x0000000080000000, 0x0000000100000000)
  region size 1024K, 16 young (16384K), 16 survivors (16384K)
 Metaspace       used 45956K, capacity 47181K, committed 47408K, reserved 1091584K
  class space    used 5760K, capacity 6245K, committed 6272K, reserved 1048576K
}
Event: 8.571 GC heap before
{Heap before GC invocations=7 (full 0):
 garbage-first heap   total 260096K, used 203312K [0x0000000080000000, 0x0000000100000000)
  region size 1024K, 136 young (139264K), 16 survivors (16384K)
 Metaspace       used 51421K, capacity 53107K, committed 53168K, reserved 1095680K
  class space    used 6570K, capacity 7120K, committed 7168K, reserved 1048576K
}
Event: 8.585 GC heap after
{Heap after GC invocations=8 (full 0):
 garbage-first heap   total 260096K, used 93007K [0x0000000080000000, 0x0000000100000000)
  region size 1024K, 13 young (13312K), 13 survivors (13312K)
 Metaspace       used 51421K, capacity 53107K, committed 53168K, reserved 1095680K
  class space    used 6570K, capacity 7120K, committed 7168K, reserved 1048576K
}
Event: 9.272 GC heap before
{Heap before GC invocations=8 (full 0):
 garbage-first heap   total 260096K, used 150351K [0x0000000080000000, 0x0000000100000000)
  region size 1024K, 69 young (70656K), 13 survivors (13312K)
 Metaspace       used 57855K, capacity 59587K, committed 59696K, reserved 1101824K
  class space    used 7354K, capacity 7959K, committed 8064K, reserved 1048576K
}
Event: 9.287 GC heap after
{Heap after GC invocations=9 (full 0):
 garbage-first heap   total 260096K, used 98822K [0x0000000080000000, 0x0000000100000000)
  region size 1024K, 5 young (5120K), 5 survivors (5120K)
 Metaspace       used 57855K, capacity 59587K, committed 59696K, reserved 1101824K
  class space    used 7354K, capacity 7959K, committed 8064K, reserved 1048576K
}

