# JRE version: OpenJDK Runtime Environment (11.0.13) (build 11.0.13+0-b1751.21-8125866)
# Java VM: OpenJDK 64-Bit Server VM (11.0.13+0-b1751.21-8125866, mixed mode, tiered, compressed oops, g1 gc, windows-amd64)
Heap:
 garbage-first heap   total 499712K, used 221526K [0x0000000080000000, 0x0000000100000000)
  region size 1024K, 6 young (6144K), 6 survivors (6144K)
 Metaspace       used 108005K, capacity 111004K, committed 113104K, reserved 1146880K
  class space    used 14132K, capacity 15329K, committed 16256K, reserved 1048576K
GC Heap History (20 events):
Event: 17.635 GC heap after
{Heap after GC invocations=21 (full 0):
 garbage-first heap   total 260096K, used 123465K [0x0000000080000000, 0x0000000100000000)
  region size 1024K, 13 young (13312K), 13 survivors (13312K)
 Metaspace       used 96751K, capacity 99195K, committed 99280K, reserved 1134592K
  class space    used 12432K, capacity 13365K, committed 13440K, reserved 1048576K
}
Event: 17.772 GC heap before
{Heap before GC invocations=21 (full 0):
 garbage-first heap   total 260096K, used 207433K [0x0000000080000000, 0x0000000100000000)
  region size 1024K, 96 young (98304K), 13 survivors (13312K)
 Metaspace       used 97575K, capacity 100111K, committed 100432K, reserved 1136640K
  class space    used 12537K, capacity 13479K, committed 13568K, reserved 1048576K
}
Event: 17.782 GC heap after
{Heap after GC invocations=22 (full 0):
 garbage-first heap   total 260096K, used 141271K [0x0000000080000000, 0x0000000100000000)
  region size 1024K, 12 young (12288K), 12 survivors (12288K)
 Metaspace       used 97575K, capacity 100111K, committed 100432K, reserved 1136640K
  class space    used 12537K, capacity 13479K, committed 13568K, reserved 1048576K
}
Event: 18.266 GC heap before
{Heap before GC invocations=22 (full 0):
 garbage-first heap   total 260096K, used 206807K [0x0000000080000000, 0x0000000100000000)
  region size 1024K, 77 young (78848K), 12 survivors (12288K)
 Metaspace       used 102345K, capacity 105541K, committed 105808K, reserved 1140736K
  class space    used 13330K, capacity 14559K, committed 14592K, reserved 1048576K
}
Event: 18.284 GC heap after
{Heap after GC invocations=23 (full 0):
 garbage-first heap   total 260096K, used 145977K [0x0000000080000000, 0x0000000100000000)
  region size 1024K, 10 young (10240K), 10 survivors (10240K)
 Metaspace       used 102345K, capacity 105541K, committed 105808K, reserved 1140736K
  class space    used 13330K, capacity 14559K, committed 14592K, reserved 1048576K
}
Event: 18.532 GC heap before
{Heap before GC invocations=24 (full 0):
 garbage-first heap   total 260096K, used 203321K [0x0000000080000000, 0x0000000100000000)
  region size 1024K, 70 young (71680K), 10 survivors (10240K)
 Metaspace       used 103021K, capacity 106041K, committed 106448K, reserved 1140736K
  class space    used 13403K, capacity 14622K, committed 14720K, reserved 1048576K
}
Event: 18.549 GC heap after
{Heap after GC invocations=25 (full 0):
 garbage-first heap   total 260096K, used 154202K [0x0000000080000000, 0x0000000100000000)
  region size 1024K, 9 young (9216K), 9 survivors (9216K)
 Metaspace       used 103021K, capacity 106041K, committed 106448K, reserved 1140736K
  class space    used 13403K, capacity 14622K, committed 14720K, reserved 1048576K
}
Event: 18.715 GC heap before
{Heap before GC invocations=25 (full 0):
 garbage-first heap   total 260096K, used 208474K [0x0000000080000000, 0x0000000100000000)
  region size 1024K, 63 young (64512K), 9 survivors (9216K)
 Metaspace       used 104225K, capacity 107670K, committed 107728K, reserved 1142784K
  class space    used 13737K, capacity 15209K, committed 15232K, reserved 1048576K
}
Event: 18.740 GC heap after
{Heap after GC invocations=26 (full 0):
 garbage-first heap   total 260096K, used 165074K [0x0000000080000000, 0x0000000100000000)
  region size 1024K, 8 young (8192K), 8 survivors (8192K)
 Metaspace       used 104225K, capacity 107670K, committed 107728K, reserved 1142784K
  class space    used 13737K, capacity 15209K, committed 15232K, reserved 1048576K
}
Event: 18.847 GC heap before
{Heap before GC invocations=26 (full 0):
 garbage-first heap   total 260096K, used 211154K [0x0000000080000000, 0x0000000100000000)
  region size 1024K, 54 young (55296K), 8 survivors (8192K)
 Metaspace       used 104869K, capacity 108324K, committed 108368K, reserved 1142784K
  class space    used 13849K, capacity 15342K, committed 15360K, reserved 1048576K
}
Event: 18.863 GC heap after
{Heap after GC invocations=27 (full 0):
 garbage-first heap   total 260096K, used 174294K [0x0000000080000000, 0x0000000100000000)
  region size 1024K, 7 young (7168K), 7 survivors (7168K)
 Metaspace       used 104869K, capacity 108324K, committed 108368K, reserved 1142784K
  class space    used 13849K, capacity 15342K, committed 15360K, reserved 1048576K
}
Event: 18.977 GC heap before
{Heap before GC invocations=27 (full 0):
 garbage-first heap   total 260096K, used 214230K [0x0000000080000000, 0x0000000100000000)
  region size 1024K, 46 young (47104K), 7 survivors (7168K)
 Metaspace       used 104639K, capacity 107625K, committed 109392K, reserved 1142784K
  class space    used 13697K, capacity 15026K, committed 15616K, reserved 1048576K
}
Event: 18.994 GC heap after
{Heap after GC invocations=28 (full 0):
 garbage-first heap   total 326656K, used 182272K [0x0000000080000000, 0x0000000100000000)
  region size 1024K, 6 young (6144K), 6 survivors (6144K)
 Metaspace       used 104639K, capacity 107625K, committed 109392K, reserved 1142784K
  class space    used 13697K, capacity 15026K, committed 15616K, reserved 1048576K
}
Event: 19.189 GC heap before
{Heap before GC invocations=29 (full 0):
 garbage-first heap   total 326656K, used 247808K [0x0000000080000000, 0x0000000100000000)
  region size 1024K, 71 young (72704K), 6 survivors (6144K)
 Metaspace       used 106538K, capacity 109745K, committed 110800K, reserved 1144832K
  class space    used 14034K, capacity 15453K, committed 15744K, reserved 1048576K
}
Event: 19.205 GC heap after
{Heap after GC invocations=30 (full 0):
 garbage-first heap   total 326656K, used 194560K [0x0000000080000000, 0x0000000100000000)
  region size 1024K, 9 young (9216K), 9 survivors (9216K)
 Metaspace       used 106538K, capacity 109745K, committed 110800K, reserved 1144832K
  class space    used 14034K, capacity 15453K, committed 15744K, reserved 1048576K
}
Event: 19.410 GC heap before
{Heap before GC invocations=30 (full 0):
 garbage-first heap   total 326656K, used 257024K [0x0000000080000000, 0x0000000100000000)
  region size 1024K, 71 young (72704K), 9 survivors (9216K)
 Metaspace       used 108821K, capacity 112437K, committed 112720K, reserved 1146880K
  class space    used 14483K, capacity 16072K, committed 16128K, reserved 1048576K
}
Event: 19.429 GC heap after
{Heap after GC invocations=31 (full 0):
 garbage-first heap   total 326656K, used 205631K [0x0000000080000000, 0x0000000100000000)
  region size 1024K, 9 young (9216K), 9 survivors (9216K)
 Metaspace       used 108821K, capacity 112437K, committed 112720K, reserved 1146880K
  class space    used 14483K, capacity 16072K, committed 16128K, reserved 1048576K
}
Event: 19.611 GC heap before
{Heap before GC invocations=31 (full 0):
 garbage-first heap   total 326656K, used 262975K [0x0000000080000000, 0x0000000100000000)
  region size 1024K, 66 young (67584K), 9 survivors (9216K)
 Metaspace       used 109186K, capacity 112788K, committed 113104K, reserved 1146880K
  class space    used 14578K, capacity 16168K, committed 16256K, reserved 1048576K
}
Event: 19.627 GC heap after
{Heap after GC invocations=32 (full 0):
 garbage-first heap   total 326656K, used 215631K [0x0000000080000000, 0x0000000100000000)
  region size 1024K, 9 young (9216K), 9 survivors (9216K)
 Metaspace       used 109186K, capacity 112788K, committed 113104K, reserved 1146880K
  class space    used 14578K, capacity 16168K, committed 16256K, reserved 1048576K
}
Event: 19.833 GC heap before
{Heap before GC invocations=32 (full 0):
 garbage-first heap   total 326656K, used 267855K [0x0000000080000000, 0x0000000100000000)
  region size 1024K, 61 young (62464K), 9 survivors (9216K)
 Metaspace       used 108005K, capacity 111004K, committed 113104K, reserved 1146880K
  class space    used 14132K, capacity 15329K, committed 16256K, reserved 1048576K
}

